<?xml version="1.0" encoding="UTF-8"?>
<!-- Generated by org.testng.reporters.JUnitXMLReporter -->
<testsuite hostname="Veronika" name="Default test" tests="11" failures="0" timestamp="9 Aug 2014 11:51:48 GMT" time="177.751" errors="0">
  <testcase name="xTest" time="7.911" classname="test.JobFindAndSortTest"/>
  <testcase name="xTest" time="6.591" classname="test.MusicFindGroupTest"/>
  <testcase name="xTest" time="5.742" classname="test.LanguageChangeTest"/>
  <testcase name="xTest" time="8.709" classname="test.ShopsSearchTest"/>
  <testcase name="xTest" time="5.863" classname="test.AfishaFindEventTest"/>
  <testcase name="xTest" time="7.682" classname="test.LoginTest"/>
  <testcase name="xTest" time="9.443" classname="test.FindRoadRulesTest"/>
  <testcase name="xTest" time="5.221" classname="test.WeatherChangeCityTest"/>
  <testcase name="xTest" time="9.581" classname="test.JobAdvancedSearchTest"/>
  <testcase name="xTest" time="13.495" classname="test.CatalogAddCommentTest"/>
  <testcase name="xTest" time="26.982" classname="test.BlogFindAndGoToTest"/>
</testsuite> <!-- Default test -->
