<!DOCTYPE html PUBLIC "-//W3C//DTD XHTML 1.1//EN" "http://www.w3.org/TR/xhtml11/DTD/xhtml11.dtd">
<html xmlns="http://www.w3.org/1999/xhtml"><head><title>TestNG Report</title><style type="text/css">table {margin-bottom:10px;border-collapse:collapse;empty-cells:show}th,td {border:1px solid #009;padding:.25em .5em}th {vertical-align:bottom}td {vertical-align:top}table a {font-weight:bold}.stripe td {background-color: #E6EBF9}.num {text-align:right}.passedodd td {background-color: #3F3}.passedeven td {background-color: #0A0}.skippedodd td {background-color: #DDD}.skippedeven td {background-color: #CCC}.failedodd td,.attn {background-color: #F33}.failedeven td,.stripe .attn {background-color: #D00}.stacktrace {white-space:pre;font-family:monospace}.totop {font-size:85%;text-align:center;border-bottom:2px solid #000}</style></head><body><table><tr><th>Test</th><th># Passed</th><th># Skipped</th><th># Failed</th><th>Time (ms)</th><th>Included Groups</th><th>Excluded Groups</th></tr><tr><th colspan="7">Default suite</th></tr><tr><td><a href="#t0">Default test</a></td><td class="num">4</td><td class="num">0</td><td class="num attn">16</td><td class="num">368 399</td><td></td><td></td></tr></table><table><thead><tr><th>Class</th><th>Method</th><th>Start</th><th>Time (ms)</th></tr></thead><tbody><tr><th colspan="4">Default suite</th></tr></tbody><tbody id="t0"><tr><th colspan="4">Default test &#8212; failed</th></tr><tr class="failedeven"><td rowspan="1">test.AfishaFindEventTest</td><td><a href="#m0">readParams</a></td><td rowspan="1">1407536692021</td><td rowspan="1">0</td></tr><tr class="failedodd"><td rowspan="2">test.BlogFindAndGoToTest</td><td><a href="#m1">readParams</a></td><td rowspan="1">1407536919243</td><td rowspan="1">0</td></tr><tr class="failedodd"><td><a href="#m2">xTest</a></td><td rowspan="1">1407536919245</td><td rowspan="1">6028</td></tr><tr class="failedeven"><td rowspan="2">test.CatalogAddCommentTest</td><td><a href="#m3">readParams</a></td><td rowspan="1">1407536904290</td><td rowspan="1">0</td></tr><tr class="failedeven"><td><a href="#m4">xTest</a></td><td rowspan="1">1407536904291</td><td rowspan="1">8147</td></tr><tr class="failedodd"><td rowspan="2">test.FindRoadRulesTest</td><td><a href="#m5">readParams</a></td><td rowspan="1">1407536786398</td><td rowspan="1">0</td></tr><tr class="failedodd"><td><a href="#m6">xTest</a></td><td rowspan="1">1407536786400</td><td rowspan="1">49452</td></tr><tr class="failedeven"><td rowspan="2">test.JobAdvancedSearchTest</td><td><a href="#m7">readParams</a></td><td rowspan="1">1407536894993</td><td rowspan="1">0</td></tr><tr class="failedeven"><td><a href="#m8">xTest</a></td><td rowspan="1">1407536894995</td><td rowspan="1">4313</td></tr><tr class="failedodd"><td rowspan="1">test.JobFindAndSortTest</td><td><a href="#m9">readParams</a></td><td rowspan="1">1407536558122</td><td rowspan="1">0</td></tr><tr class="failedeven"><td rowspan="1">test.LanguageChangeTest</td><td><a href="#m10">readParams</a></td><td rowspan="1">1407536662985</td><td rowspan="1">0</td></tr><tr class="failedodd"><td rowspan="2">test.LoginTest</td><td><a href="#m11">readParams</a></td><td rowspan="1">1407536733815</td><td rowspan="1">0</td></tr><tr class="failedodd"><td><a href="#m12">xTest</a></td><td rowspan="1">1407536733816</td><td rowspan="1">46480</td></tr><tr class="failedeven"><td rowspan="2">test.MusicFindGroupTest</td><td><a href="#m13">readParams</a></td><td rowspan="1">1407536604399</td><td rowspan="1">0</td></tr><tr class="failedeven"><td><a href="#m14">xTest</a></td><td rowspan="1">1407536604401</td><td rowspan="1">53542</td></tr><tr class="failedodd"><td rowspan="1">test.WeatherChangeCityTest</td><td><a href="#m15">readParams</a></td><td rowspan="1">1407536840965</td><td rowspan="1">0</td></tr><tr><th colspan="4">Default test &#8212; passed</th></tr><tr class="passedeven"><td rowspan="1">test.AfishaFindEventTest</td><td><a href="#m16">xTest</a></td><td rowspan="1">1407536692023</td><td rowspan="1">36328</td></tr><tr class="passedodd"><td rowspan="1">test.JobFindAndSortTest</td><td><a href="#m17">xTest</a></td><td rowspan="1">1407536558132</td><td rowspan="1">39441</td></tr><tr class="passedeven"><td rowspan="1">test.LanguageChangeTest</td><td><a href="#m18">xTest</a></td><td rowspan="1">1407536662987</td><td rowspan="1">23460</td></tr><tr class="passedodd"><td rowspan="1">test.WeatherChangeCityTest</td><td><a href="#m19">xTest</a></td><td rowspan="1">1407536840967</td><td rowspan="1">48322</td></tr></tbody></table><h2>Default test</h2><h3 id="m0">test.AfishaFindEventTest#readParams</h3><table class="result"><tr><th>Exception</th></tr><tr><td><div class="stacktrace">org.testng.TestNGException: 
Parameter &apos;username&apos; is required by @Test on method readParams but has not been marked @Optional or defined
in C:\Users\lENOVO\AppData\Local\Temp\testng-eclipse-111153164\testng-customsuite.xml
	at org.testng.internal.Parameters.createParameters(Parameters.java:155)
	at org.testng.internal.Parameters.createParameters(Parameters.java:358)
	at org.testng.internal.Parameters.handleParameters(Parameters.java:450)
	at org.testng.internal.Invoker.handleParameters(Invoker.java:1383)
	at org.testng.internal.Invoker.createParameters(Invoker.java:1075)
	at org.testng.internal.Invoker.invokeTestMethods(Invoker.java:1180)
	at org.testng.internal.TestMethodWorker.invokeTestMethods(TestMethodWorker.java:127)
	at org.testng.internal.TestMethodWorker.run(TestMethodWorker.java:111)
	at org.testng.TestRunner.privateRun(TestRunner.java:767)
	at org.testng.TestRunner.run(TestRunner.java:617)
	at org.testng.SuiteRunner.runTest(SuiteRunner.java:334)
	at org.testng.SuiteRunner.runSequentially(SuiteRunner.java:329)
	at org.testng.SuiteRunner.privateRun(SuiteRunner.java:291)
	at org.testng.SuiteRunner.run(SuiteRunner.java:240)
	at org.testng.SuiteRunnerWorker.runSuite(SuiteRunnerWorker.java:52)
	at org.testng.SuiteRunnerWorker.run(SuiteRunnerWorker.java:86)
	at org.testng.TestNG.runSuitesSequentially(TestNG.java:1224)
	at org.testng.TestNG.runSuitesLocally(TestNG.java:1149)
	at org.testng.TestNG.run(TestNG.java:1057)
	at org.testng.remote.RemoteTestNG.run(RemoteTestNG.java:111)
	at org.testng.remote.RemoteTestNG.initAndRun(RemoteTestNG.java:204)
	at org.testng.remote.RemoteTestNG.main(RemoteTestNG.java:175)
</div></td></tr></table><p class="totop"><a href="#summary">back to summary</a></p><h3 id="m1">test.BlogFindAndGoToTest#readParams</h3><table class="result"><tr><th>Exception</th></tr><tr><td><div class="stacktrace">org.testng.TestNGException: 
Parameter &apos;username&apos; is required by @Test on method readParams but has not been marked @Optional or defined
in C:\Users\lENOVO\AppData\Local\Temp\testng-eclipse-111153164\testng-customsuite.xml
	at org.testng.internal.Parameters.createParameters(Parameters.java:155)
	at org.testng.internal.Parameters.createParameters(Parameters.java:358)
	at org.testng.internal.Parameters.handleParameters(Parameters.java:450)
	at org.testng.internal.Invoker.handleParameters(Invoker.java:1383)
	at org.testng.internal.Invoker.createParameters(Invoker.java:1075)
	at org.testng.internal.Invoker.invokeTestMethods(Invoker.java:1180)
	at org.testng.internal.TestMethodWorker.invokeTestMethods(TestMethodWorker.java:127)
	at org.testng.internal.TestMethodWorker.run(TestMethodWorker.java:111)
	at org.testng.TestRunner.privateRun(TestRunner.java:767)
	at org.testng.TestRunner.run(TestRunner.java:617)
	at org.testng.SuiteRunner.runTest(SuiteRunner.java:334)
	at org.testng.SuiteRunner.runSequentially(SuiteRunner.java:329)
	at org.testng.SuiteRunner.privateRun(SuiteRunner.java:291)
	at org.testng.SuiteRunner.run(SuiteRunner.java:240)
	at org.testng.SuiteRunnerWorker.runSuite(SuiteRunnerWorker.java:52)
	at org.testng.SuiteRunnerWorker.run(SuiteRunnerWorker.java:86)
	at org.testng.TestNG.runSuitesSequentially(TestNG.java:1224)
	at org.testng.TestNG.runSuitesLocally(TestNG.java:1149)
	at org.testng.TestNG.run(TestNG.java:1057)
	at org.testng.remote.RemoteTestNG.run(RemoteTestNG.java:111)
	at org.testng.remote.RemoteTestNG.initAndRun(RemoteTestNG.java:204)
	at org.testng.remote.RemoteTestNG.main(RemoteTestNG.java:175)
</div></td></tr></table><p class="totop"><a href="#summary">back to summary</a></p><h3 id="m2">test.BlogFindAndGoToTest#xTest</h3><table class="result"><tr><th>Messages</th></tr><tr><td><div class="messages">----------------------------------------------------------------------------------&lt;br&gt;<br/>=====================  Test case: &apos;test.BlogFindAndGoToTest&apos; =====================&lt;br&gt;<br/>----------------------------------------------------------------------------------&lt;br&gt;<br/>--------==[ Preconditions ]==--------&lt;br&gt;<br/>--------==[ Step 1 ]==--------&lt;br&gt;<br/>--------==[ Step 2 ]==--------&lt;br&gt;<br/>&lt;div class=&quot;failedConfig&quot;&gt;Form &apos;Main form&apos; doesn&apos;t appear&lt;/div&gt;&lt;br&gt;<br/>&lt;div class=&quot;skipped&quot;&gt;&lt;/div&gt;&lt;br&gt;<br/>&lt;div class=&quot;failedConfig&quot;&gt;&gt;&gt;&gt;&gt;&gt;&gt;&gt;&gt; TEST FAILED &lt;&lt;&lt;&lt;&lt;&lt;&lt;&lt;&lt;/div&gt;&lt;br&gt;<br/>&lt;div class=&quot;skipped&quot;&gt;&lt;/div&gt;&lt;br&gt;</div></td></tr><tr><th>Exception</th></tr><tr><td><div class="stacktrace">junit.framework.AssertionFailedError: null
	at junit.framework.Assert.fail(Assert.java:47)
	at junit.framework.Assert.assertTrue(Assert.java:20)
	at junit.framework.Assert.assertTrue(Assert.java:27)
	at webdriver.Logger.fatal(Logger.java:256)
	at webdriver.BaseEntity.fatal(BaseEntity.java:85)
	at webdriver.BaseForm.assertIsOpen(BaseForm.java:98)
	at webdriver.BaseForm.&lt;init&gt;(BaseForm.java:37)
	at test.forms.MainPageForm.&lt;init&gt;(MainPageForm.java:120)
	at test.BlogFindAndGoToTest.runTest(BlogFindAndGoToTest.java:15)
	at webdriver.BaseTest.xTest(BaseTest.java:39)
	at sun.reflect.NativeMethodAccessorImpl.invoke0(Native Method)
	at sun.reflect.NativeMethodAccessorImpl.invoke(Unknown Source)
	at sun.reflect.DelegatingMethodAccessorImpl.invoke(Unknown Source)
	at java.lang.reflect.Method.invoke(Unknown Source)
	at org.testng.internal.MethodInvocationHelper.invokeMethod(MethodInvocationHelper.java:84)
	at org.testng.internal.Invoker.invokeMethod(Invoker.java:714)
	at org.testng.internal.Invoker.invokeTestMethod(Invoker.java:901)
	at org.testng.internal.Invoker.invokeTestMethods(Invoker.java:1231)
	at org.testng.internal.TestMethodWorker.invokeTestMethods(TestMethodWorker.java:127)
	at org.testng.internal.TestMethodWorker.run(TestMethodWorker.java:111)
	at org.testng.TestRunner.privateRun(TestRunner.java:767)
	at org.testng.TestRunner.run(TestRunner.java:617)
	at org.testng.SuiteRunner.runTest(SuiteRunner.java:334)
	at org.testng.SuiteRunner.runSequentially(SuiteRunner.java:329)
	at org.testng.SuiteRunner.privateRun(SuiteRunner.java:291)
	at org.testng.SuiteRunner.run(SuiteRunner.java:240)
	at org.testng.SuiteRunnerWorker.runSuite(SuiteRunnerWorker.java:52)
	at org.testng.SuiteRunnerWorker.run(SuiteRunnerWorker.java:86)
	at org.testng.TestNG.runSuitesSequentially(TestNG.java:1224)
	at org.testng.TestNG.runSuitesLocally(TestNG.java:1149)
	at org.testng.TestNG.run(TestNG.java:1057)
	at org.testng.remote.RemoteTestNG.run(RemoteTestNG.java:111)
	at org.testng.remote.RemoteTestNG.initAndRun(RemoteTestNG.java:204)
	at org.testng.remote.RemoteTestNG.main(RemoteTestNG.java:175)
</div></td></tr></table><p class="totop"><a href="#summary">back to summary</a></p><h3 id="m3">test.CatalogAddCommentTest#readParams</h3><table class="result"><tr><th>Exception</th></tr><tr><td><div class="stacktrace">org.testng.TestNGException: 
Parameter &apos;username&apos; is required by @Test on method readParams but has not been marked @Optional or defined
in C:\Users\lENOVO\AppData\Local\Temp\testng-eclipse-111153164\testng-customsuite.xml
	at org.testng.internal.Parameters.createParameters(Parameters.java:155)
	at org.testng.internal.Parameters.createParameters(Parameters.java:358)
	at org.testng.internal.Parameters.handleParameters(Parameters.java:450)
	at org.testng.internal.Invoker.handleParameters(Invoker.java:1383)
	at org.testng.internal.Invoker.createParameters(Invoker.java:1075)
	at org.testng.internal.Invoker.invokeTestMethods(Invoker.java:1180)
	at org.testng.internal.TestMethodWorker.invokeTestMethods(TestMethodWorker.java:127)
	at org.testng.internal.TestMethodWorker.run(TestMethodWorker.java:111)
	at org.testng.TestRunner.privateRun(TestRunner.java:767)
	at org.testng.TestRunner.run(TestRunner.java:617)
	at org.testng.SuiteRunner.runTest(SuiteRunner.java:334)
	at org.testng.SuiteRunner.runSequentially(SuiteRunner.java:329)
	at org.testng.SuiteRunner.privateRun(SuiteRunner.java:291)
	at org.testng.SuiteRunner.run(SuiteRunner.java:240)
	at org.testng.SuiteRunnerWorker.runSuite(SuiteRunnerWorker.java:52)
	at org.testng.SuiteRunnerWorker.run(SuiteRunnerWorker.java:86)
	at org.testng.TestNG.runSuitesSequentially(TestNG.java:1224)
	at org.testng.TestNG.runSuitesLocally(TestNG.java:1149)
	at org.testng.TestNG.run(TestNG.java:1057)
	at org.testng.remote.RemoteTestNG.run(RemoteTestNG.java:111)
	at org.testng.remote.RemoteTestNG.initAndRun(RemoteTestNG.java:204)
	at org.testng.remote.RemoteTestNG.main(RemoteTestNG.java:175)
</div></td></tr></table><p class="totop"><a href="#summary">back to summary</a></p><h3 id="m4">test.CatalogAddCommentTest#xTest</h3><table class="result"><tr><th>Messages</th></tr><tr><td><div class="messages">------------------------------------------------------------------------------------&lt;br&gt;<br/>=====================  Test case: &apos;test.CatalogAddCommentTest&apos; =====================&lt;br&gt;<br/>------------------------------------------------------------------------------------&lt;br&gt;<br/>--------==[ Preconditions ]==--------&lt;br&gt;<br/>--------==[ Step 1 ]==--------&lt;br&gt;<br/>--------==[ Step 2 ]==--------&lt;br&gt;<br/>&lt;div class=&quot;failedConfig&quot;&gt;Form &apos;Main form&apos; doesn&apos;t appear&lt;/div&gt;&lt;br&gt;<br/>&lt;div class=&quot;skipped&quot;&gt;&lt;/div&gt;&lt;br&gt;<br/>&lt;div class=&quot;failedConfig&quot;&gt;&gt;&gt;&gt;&gt;&gt;&gt;&gt;&gt; TEST FAILED &lt;&lt;&lt;&lt;&lt;&lt;&lt;&lt;&lt;/div&gt;&lt;br&gt;<br/>&lt;div class=&quot;skipped&quot;&gt;&lt;/div&gt;&lt;br&gt;</div></td></tr><tr><th>Exception</th></tr><tr><td><div class="stacktrace">junit.framework.AssertionFailedError: null
	at junit.framework.Assert.fail(Assert.java:47)
	at junit.framework.Assert.assertTrue(Assert.java:20)
	at junit.framework.Assert.assertTrue(Assert.java:27)
	at webdriver.Logger.fatal(Logger.java:256)
	at webdriver.BaseEntity.fatal(BaseEntity.java:85)
	at webdriver.BaseForm.assertIsOpen(BaseForm.java:98)
	at webdriver.BaseForm.&lt;init&gt;(BaseForm.java:37)
	at test.forms.MainPageForm.&lt;init&gt;(MainPageForm.java:120)
	at test.CatalogAddCommentTest.runTest(CatalogAddCommentTest.java:14)
	at webdriver.BaseTest.xTest(BaseTest.java:39)
	at sun.reflect.NativeMethodAccessorImpl.invoke0(Native Method)
	at sun.reflect.NativeMethodAccessorImpl.invoke(Unknown Source)
	at sun.reflect.DelegatingMethodAccessorImpl.invoke(Unknown Source)
	at java.lang.reflect.Method.invoke(Unknown Source)
	at org.testng.internal.MethodInvocationHelper.invokeMethod(MethodInvocationHelper.java:84)
	at org.testng.internal.Invoker.invokeMethod(Invoker.java:714)
	at org.testng.internal.Invoker.invokeTestMethod(Invoker.java:901)
	at org.testng.internal.Invoker.invokeTestMethods(Invoker.java:1231)
	at org.testng.internal.TestMethodWorker.invokeTestMethods(TestMethodWorker.java:127)
	at org.testng.internal.TestMethodWorker.run(TestMethodWorker.java:111)
	at org.testng.TestRunner.privateRun(TestRunner.java:767)
	at org.testng.TestRunner.run(TestRunner.java:617)
	at org.testng.SuiteRunner.runTest(SuiteRunner.java:334)
	at org.testng.SuiteRunner.runSequentially(SuiteRunner.java:329)
	at org.testng.SuiteRunner.privateRun(SuiteRunner.java:291)
	at org.testng.SuiteRunner.run(SuiteRunner.java:240)
	at org.testng.SuiteRunnerWorker.runSuite(SuiteRunnerWorker.java:52)
	at org.testng.SuiteRunnerWorker.run(SuiteRunnerWorker.java:86)
	at org.testng.TestNG.runSuitesSequentially(TestNG.java:1224)
	at org.testng.TestNG.runSuitesLocally(TestNG.java:1149)
	at org.testng.TestNG.run(TestNG.java:1057)
	at org.testng.remote.RemoteTestNG.run(RemoteTestNG.java:111)
	at org.testng.remote.RemoteTestNG.initAndRun(RemoteTestNG.java:204)
	at org.testng.remote.RemoteTestNG.main(RemoteTestNG.java:175)
</div></td></tr></table><p class="totop"><a href="#summary">back to summary</a></p><h3 id="m5">test.FindRoadRulesTest#readParams</h3><table class="result"><tr><th>Exception</th></tr><tr><td><div class="stacktrace">org.testng.TestNGException: 
Parameter &apos;username&apos; is required by @Test on method readParams but has not been marked @Optional or defined
in C:\Users\lENOVO\AppData\Local\Temp\testng-eclipse-111153164\testng-customsuite.xml
	at org.testng.internal.Parameters.createParameters(Parameters.java:155)
	at org.testng.internal.Parameters.createParameters(Parameters.java:358)
	at org.testng.internal.Parameters.handleParameters(Parameters.java:450)
	at org.testng.internal.Invoker.handleParameters(Invoker.java:1383)
	at org.testng.internal.Invoker.createParameters(Invoker.java:1075)
	at org.testng.internal.Invoker.invokeTestMethods(Invoker.java:1180)
	at org.testng.internal.TestMethodWorker.invokeTestMethods(TestMethodWorker.java:127)
	at org.testng.internal.TestMethodWorker.run(TestMethodWorker.java:111)
	at org.testng.TestRunner.privateRun(TestRunner.java:767)
	at org.testng.TestRunner.run(TestRunner.java:617)
	at org.testng.SuiteRunner.runTest(SuiteRunner.java:334)
	at org.testng.SuiteRunner.runSequentially(SuiteRunner.java:329)
	at org.testng.SuiteRunner.privateRun(SuiteRunner.java:291)
	at org.testng.SuiteRunner.run(SuiteRunner.java:240)
	at org.testng.SuiteRunnerWorker.runSuite(SuiteRunnerWorker.java:52)
	at org.testng.SuiteRunnerWorker.run(SuiteRunnerWorker.java:86)
	at org.testng.TestNG.runSuitesSequentially(TestNG.java:1224)
	at org.testng.TestNG.runSuitesLocally(TestNG.java:1149)
	at org.testng.TestNG.run(TestNG.java:1057)
	at org.testng.remote.RemoteTestNG.run(RemoteTestNG.java:111)
	at org.testng.remote.RemoteTestNG.initAndRun(RemoteTestNG.java:204)
	at org.testng.remote.RemoteTestNG.main(RemoteTestNG.java:175)
</div></td></tr></table><p class="totop"><a href="#summary">back to summary</a></p><h3 id="m6">test.FindRoadRulesTest#xTest</h3><table class="result"><tr><th>Messages</th></tr><tr><td><div class="messages">--------------------------------------------------------------------------------&lt;br&gt;<br/>=====================  Test case: &apos;test.FindRoadRulesTest&apos; =====================&lt;br&gt;<br/>--------------------------------------------------------------------------------&lt;br&gt;<br/>--------==[ Preconditions ]==--------&lt;br&gt;<br/>--------==[ Step 1 ]==--------&lt;br&gt;<br/>--------==[ Step 2 ]==--------&lt;br&gt;<br/>Form &apos;Main form&apos; appears in 23219msec&lt;br&gt;<br/>Button &apos;all resources link&apos; :: Clicking&lt;br&gt;<br/>Field &apos;All Resources&apos; appeared&lt;br&gt;<br/>--------==[ Step 3 ]==--------&lt;br&gt;<br/>Button &apos;blog link&apos; :: Clicking&lt;br&gt;<br/>--------==[ Step 4 ]==--------&lt;br&gt;<br/>&lt;div class=&quot;failedConfig&quot;&gt;Form &apos;Auto form&apos; doesn&apos;t appear&lt;/div&gt;&lt;br&gt;<br/>&lt;div class=&quot;skipped&quot;&gt;&lt;/div&gt;&lt;br&gt;<br/>&lt;div class=&quot;failedConfig&quot;&gt;&gt;&gt;&gt;&gt;&gt;&gt;&gt;&gt; TEST FAILED &lt;&lt;&lt;&lt;&lt;&lt;&lt;&lt;&lt;/div&gt;&lt;br&gt;<br/>&lt;div class=&quot;skipped&quot;&gt;&lt;/div&gt;&lt;br&gt;</div></td></tr><tr><th>Exception</th></tr><tr><td><div class="stacktrace">junit.framework.AssertionFailedError: null
	at junit.framework.Assert.fail(Assert.java:47)
	at junit.framework.Assert.assertTrue(Assert.java:20)
	at junit.framework.Assert.assertTrue(Assert.java:27)
	at webdriver.Logger.fatal(Logger.java:256)
	at webdriver.BaseEntity.fatal(BaseEntity.java:85)
	at webdriver.BaseForm.assertIsOpen(BaseForm.java:98)
	at webdriver.BaseForm.&lt;init&gt;(BaseForm.java:37)
	at test.forms.AutoForm.&lt;init&gt;(AutoForm.java:30)
	at test.FindRoadRulesTest.runTest(FindRoadRulesTest.java:19)
	at webdriver.BaseTest.xTest(BaseTest.java:39)
	at sun.reflect.NativeMethodAccessorImpl.invoke0(Native Method)
	at sun.reflect.NativeMethodAccessorImpl.invoke(Unknown Source)
	at sun.reflect.DelegatingMethodAccessorImpl.invoke(Unknown Source)
	at java.lang.reflect.Method.invoke(Unknown Source)
	at org.testng.internal.MethodInvocationHelper.invokeMethod(MethodInvocationHelper.java:84)
	at org.testng.internal.Invoker.invokeMethod(Invoker.java:714)
	at org.testng.internal.Invoker.invokeTestMethod(Invoker.java:901)
	at org.testng.internal.Invoker.invokeTestMethods(Invoker.java:1231)
	at org.testng.internal.TestMethodWorker.invokeTestMethods(TestMethodWorker.java:127)
	at org.testng.internal.TestMethodWorker.run(TestMethodWorker.java:111)
	at org.testng.TestRunner.privateRun(TestRunner.java:767)
	at org.testng.TestRunner.run(TestRunner.java:617)
	at org.testng.SuiteRunner.runTest(SuiteRunner.java:334)
	at org.testng.SuiteRunner.runSequentially(SuiteRunner.java:329)
	at org.testng.SuiteRunner.privateRun(SuiteRunner.java:291)
	at org.testng.SuiteRunner.run(SuiteRunner.java:240)
	at org.testng.SuiteRunnerWorker.runSuite(SuiteRunnerWorker.java:52)
	at org.testng.SuiteRunnerWorker.run(SuiteRunnerWorker.java:86)
	at org.testng.TestNG.runSuitesSequentially(TestNG.java:1224)
	at org.testng.TestNG.runSuitesLocally(TestNG.java:1149)
	at org.testng.TestNG.run(TestNG.java:1057)
	at org.testng.remote.RemoteTestNG.run(RemoteTestNG.java:111)
	at org.testng.remote.RemoteTestNG.initAndRun(RemoteTestNG.java:204)
	at org.testng.remote.RemoteTestNG.main(RemoteTestNG.java:175)
</div></td></tr></table><p class="totop"><a href="#summary">back to summary</a></p><h3 id="m7">test.JobAdvancedSearchTest#readParams</h3><table class="result"><tr><th>Exception</th></tr><tr><td><div class="stacktrace">org.testng.TestNGException: 
Parameter &apos;username&apos; is required by @Test on method readParams but has not been marked @Optional or defined
in C:\Users\lENOVO\AppData\Local\Temp\testng-eclipse-111153164\testng-customsuite.xml
	at org.testng.internal.Parameters.createParameters(Parameters.java:155)
	at org.testng.internal.Parameters.createParameters(Parameters.java:358)
	at org.testng.internal.Parameters.handleParameters(Parameters.java:450)
	at org.testng.internal.Invoker.handleParameters(Invoker.java:1383)
	at org.testng.internal.Invoker.createParameters(Invoker.java:1075)
	at org.testng.internal.Invoker.invokeTestMethods(Invoker.java:1180)
	at org.testng.internal.TestMethodWorker.invokeTestMethods(TestMethodWorker.java:127)
	at org.testng.internal.TestMethodWorker.run(TestMethodWorker.java:111)
	at org.testng.TestRunner.privateRun(TestRunner.java:767)
	at org.testng.TestRunner.run(TestRunner.java:617)
	at org.testng.SuiteRunner.runTest(SuiteRunner.java:334)
	at org.testng.SuiteRunner.runSequentially(SuiteRunner.java:329)
	at org.testng.SuiteRunner.privateRun(SuiteRunner.java:291)
	at org.testng.SuiteRunner.run(SuiteRunner.java:240)
	at org.testng.SuiteRunnerWorker.runSuite(SuiteRunnerWorker.java:52)
	at org.testng.SuiteRunnerWorker.run(SuiteRunnerWorker.java:86)
	at org.testng.TestNG.runSuitesSequentially(TestNG.java:1224)
	at org.testng.TestNG.runSuitesLocally(TestNG.java:1149)
	at org.testng.TestNG.run(TestNG.java:1057)
	at org.testng.remote.RemoteTestNG.run(RemoteTestNG.java:111)
	at org.testng.remote.RemoteTestNG.initAndRun(RemoteTestNG.java:204)
	at org.testng.remote.RemoteTestNG.main(RemoteTestNG.java:175)
</div></td></tr></table><p class="totop"><a href="#summary">back to summary</a></p><h3 id="m8">test.JobAdvancedSearchTest#xTest</h3><table class="result"><tr><th>Messages</th></tr><tr><td><div class="messages">------------------------------------------------------------------------------------&lt;br&gt;<br/>=====================  Test case: &apos;test.JobAdvancedSearchTest&apos; =====================&lt;br&gt;<br/>------------------------------------------------------------------------------------&lt;br&gt;<br/>--------==[ Preconditions ]==--------&lt;br&gt;<br/>--------==[ Step 1 ]==--------&lt;br&gt;<br/>&lt;div class=&quot;skipped&quot;&gt;&lt;/div&gt;&lt;br&gt;<br/>&lt;div class=&quot;failedConfig&quot;&gt;&gt;&gt;&gt;&gt;&gt;&gt;&gt;&gt; TEST FAILED &lt;&lt;&lt;&lt;&lt;&lt;&lt;&lt;&lt;/div&gt;&lt;br&gt;<br/>&lt;div class=&quot;skipped&quot;&gt;&lt;/div&gt;&lt;br&gt;</div></td></tr><tr><th>Exception</th></tr><tr><td><div class="stacktrace">org.openqa.selenium.remote.UnreachableBrowserException: Error communicating with the remote browser. It may have died.
Build info: version: &apos;2.40.0&apos;, revision: &apos;4c5c0568b004f67810ee41c459549aa4b09c651e&apos;, time: &apos;2014-02-19 11:13:01&apos;
System info: host: &apos;Veronika&apos;, ip: &apos;100.93.192.202&apos;, os.name: &apos;Windows 7&apos;, os.arch: &apos;amd64&apos;, os.version: &apos;6.1&apos;, java.version: &apos;1.8.0_05&apos;
Driver info: driver.version: RemoteWebDriver
	at org.openqa.selenium.remote.RemoteWebDriver.execute(RemoteWebDriver.java:548)
	at org.openqa.selenium.remote.RemoteWebDriver.get(RemoteWebDriver.java:276)
	at org.openqa.selenium.remote.RemoteWebDriver$RemoteNavigation.to(RemoteWebDriver.java:800)
	at webdriver.Browser.navigate(Browser.java:215)
	at test.JobAdvancedSearchTest.runTest(JobAdvancedSearchTest.java:13)
	at webdriver.BaseTest.xTest(BaseTest.java:39)
	at sun.reflect.NativeMethodAccessorImpl.invoke0(Native Method)
	at sun.reflect.NativeMethodAccessorImpl.invoke(Unknown Source)
	at sun.reflect.DelegatingMethodAccessorImpl.invoke(Unknown Source)
	at java.lang.reflect.Method.invoke(Unknown Source)
	at org.testng.internal.MethodInvocationHelper.invokeMethod(MethodInvocationHelper.java:84)
	at org.testng.internal.Invoker.invokeMethod(Invoker.java:714)
	at org.testng.internal.Invoker.invokeTestMethod(Invoker.java:901)
	at org.testng.internal.Invoker.invokeTestMethods(Invoker.java:1231)
	at org.testng.internal.TestMethodWorker.invokeTestMethods(TestMethodWorker.java:127)
	at org.testng.internal.TestMethodWorker.run(TestMethodWorker.java:111)
	at org.testng.TestRunner.privateRun(TestRunner.java:767)
	at org.testng.TestRunner.run(TestRunner.java:617)
	at org.testng.SuiteRunner.runTest(SuiteRunner.java:334)
	at org.testng.SuiteRunner.runSequentially(SuiteRunner.java:329)
	at org.testng.SuiteRunner.privateRun(SuiteRunner.java:291)
	at org.testng.SuiteRunner.run(SuiteRunner.java:240)
	at org.testng.SuiteRunnerWorker.runSuite(SuiteRunnerWorker.java:52)
	at org.testng.SuiteRunnerWorker.run(SuiteRunnerWorker.java:86)
	at org.testng.TestNG.runSuitesSequentially(TestNG.java:1224)
	at org.testng.TestNG.runSuitesLocally(TestNG.java:1149)
	at org.testng.TestNG.run(TestNG.java:1057)
	at org.testng.remote.RemoteTestNG.run(RemoteTestNG.java:111)
	at org.testng.remote.RemoteTestNG.initAndRun(RemoteTestNG.java:204)
	at org.testng.remote.RemoteTestNG.main(RemoteTestNG.java:175)
Caused by: java.net.ConnectException: Connection refused: connect
	at java.net.DualStackPlainSocketImpl.waitForConnect(Native Method)
	at java.net.DualStackPlainSocketImpl.socketConnect(Unknown Source)
	at java.net.AbstractPlainSocketImpl.doConnect(Unknown Source)
	at java.net.AbstractPlainSocketImpl.connectToAddress(Unknown Source)
	at java.net.AbstractPlainSocketImpl.connect(Unknown Source)
	at java.net.PlainSocketImpl.connect(Unknown Source)
	at java.net.SocksSocketImpl.connect(Unknown Source)
	at java.net.Socket.connect(Unknown Source)
	at org.apache.http.conn.scheme.PlainSocketFactory.connectSocket(PlainSocketFactory.java:117)
	at org.apache.http.impl.conn.DefaultClientConnectionOperator.openConnection(DefaultClientConnectionOperator.java:178)
	at org.apache.http.impl.conn.AbstractPoolEntry.open(AbstractPoolEntry.java:144)
	at org.apache.http.impl.conn.AbstractPooledConnAdapter.open(AbstractPooledConnAdapter.java:131)
	at org.apache.http.impl.client.DefaultRequestDirector.tryConnect(DefaultRequestDirector.java:610)
	at org.apache.http.impl.client.DefaultRequestDirector.execute(DefaultRequestDirector.java:445)
	at org.apache.http.impl.client.AbstractHttpClient.doExecute(AbstractHttpClient.java:863)
	at org.apache.http.impl.client.CloseableHttpClient.execute(CloseableHttpClient.java:72)
	at org.apache.http.impl.client.CloseableHttpClient.execute(CloseableHttpClient.java:57)
	at org.openqa.selenium.remote.HttpCommandExecutor.fallBackExecute(HttpCommandExecutor.java:337)
	at org.openqa.selenium.remote.HttpCommandExecutor.execute(HttpCommandExecutor.java:298)
	at org.openqa.selenium.firefox.internal.NewProfileExtensionConnection.execute(NewProfileExtensionConnection.java:165)
	at org.openqa.selenium.firefox.FirefoxDriver$LazyCommandExecutor.execute(FirefoxDriver.java:363)
	at org.openqa.selenium.remote.RemoteWebDriver.execute(RemoteWebDriver.java:527)
	... 29 more
</div></td></tr></table><p class="totop"><a href="#summary">back to summary</a></p><h3 id="m9">test.JobFindAndSortTest#readParams</h3><table class="result"><tr><th>Exception</th></tr><tr><td><div class="stacktrace">org.testng.TestNGException: 
Parameter &apos;username&apos; is required by @Test on method readParams but has not been marked @Optional or defined
in C:\Users\lENOVO\AppData\Local\Temp\testng-eclipse-111153164\testng-customsuite.xml
	at org.testng.internal.Parameters.createParameters(Parameters.java:155)
	at org.testng.internal.Parameters.createParameters(Parameters.java:358)
	at org.testng.internal.Parameters.handleParameters(Parameters.java:450)
	at org.testng.internal.Invoker.handleParameters(Invoker.java:1383)
	at org.testng.internal.Invoker.createParameters(Invoker.java:1075)
	at org.testng.internal.Invoker.invokeTestMethods(Invoker.java:1180)
	at org.testng.internal.TestMethodWorker.invokeTestMethods(TestMethodWorker.java:127)
	at org.testng.internal.TestMethodWorker.run(TestMethodWorker.java:111)
	at org.testng.TestRunner.privateRun(TestRunner.java:767)
	at org.testng.TestRunner.run(TestRunner.java:617)
	at org.testng.SuiteRunner.runTest(SuiteRunner.java:334)
	at org.testng.SuiteRunner.runSequentially(SuiteRunner.java:329)
	at org.testng.SuiteRunner.privateRun(SuiteRunner.java:291)
	at org.testng.SuiteRunner.run(SuiteRunner.java:240)
	at org.testng.SuiteRunnerWorker.runSuite(SuiteRunnerWorker.java:52)
	at org.testng.SuiteRunnerWorker.run(SuiteRunnerWorker.java:86)
	at org.testng.TestNG.runSuitesSequentially(TestNG.java:1224)
	at org.testng.TestNG.runSuitesLocally(TestNG.java:1149)
	at org.testng.TestNG.run(TestNG.java:1057)
	at org.testng.remote.RemoteTestNG.run(RemoteTestNG.java:111)
	at org.testng.remote.RemoteTestNG.initAndRun(RemoteTestNG.java:204)
	at org.testng.remote.RemoteTestNG.main(RemoteTestNG.java:175)
</div></td></tr></table><p class="totop"><a href="#summary">back to summary</a></p><h3 id="m10">test.LanguageChangeTest#readParams</h3><table class="result"><tr><th>Exception</th></tr><tr><td><div class="stacktrace">org.testng.TestNGException: 
Parameter &apos;username&apos; is required by @Test on method readParams but has not been marked @Optional or defined
in C:\Users\lENOVO\AppData\Local\Temp\testng-eclipse-111153164\testng-customsuite.xml
	at org.testng.internal.Parameters.createParameters(Parameters.java:155)
	at org.testng.internal.Parameters.createParameters(Parameters.java:358)
	at org.testng.internal.Parameters.handleParameters(Parameters.java:450)
	at org.testng.internal.Invoker.handleParameters(Invoker.java:1383)
	at org.testng.internal.Invoker.createParameters(Invoker.java:1075)
	at org.testng.internal.Invoker.invokeTestMethods(Invoker.java:1180)
	at org.testng.internal.TestMethodWorker.invokeTestMethods(TestMethodWorker.java:127)
	at org.testng.internal.TestMethodWorker.run(TestMethodWorker.java:111)
	at org.testng.TestRunner.privateRun(TestRunner.java:767)
	at org.testng.TestRunner.run(TestRunner.java:617)
	at org.testng.SuiteRunner.runTest(SuiteRunner.java:334)
	at org.testng.SuiteRunner.runSequentially(SuiteRunner.java:329)
	at org.testng.SuiteRunner.privateRun(SuiteRunner.java:291)
	at org.testng.SuiteRunner.run(SuiteRunner.java:240)
	at org.testng.SuiteRunnerWorker.runSuite(SuiteRunnerWorker.java:52)
	at org.testng.SuiteRunnerWorker.run(SuiteRunnerWorker.java:86)
	at org.testng.TestNG.runSuitesSequentially(TestNG.java:1224)
	at org.testng.TestNG.runSuitesLocally(TestNG.java:1149)
	at org.testng.TestNG.run(TestNG.java:1057)
	at org.testng.remote.RemoteTestNG.run(RemoteTestNG.java:111)
	at org.testng.remote.RemoteTestNG.initAndRun(RemoteTestNG.java:204)
	at org.testng.remote.RemoteTestNG.main(RemoteTestNG.java:175)
</div></td></tr></table><p class="totop"><a href="#summary">back to summary</a></p><h3 id="m11">test.LoginTest#readParams</h3><table class="result"><tr><th>Exception</th></tr><tr><td><div class="stacktrace">org.testng.TestNGException: 
Parameter &apos;username&apos; is required by @Test on method readParams but has not been marked @Optional or defined
in C:\Users\lENOVO\AppData\Local\Temp\testng-eclipse-111153164\testng-customsuite.xml
	at org.testng.internal.Parameters.createParameters(Parameters.java:155)
	at org.testng.internal.Parameters.createParameters(Parameters.java:358)
	at org.testng.internal.Parameters.handleParameters(Parameters.java:450)
	at org.testng.internal.Invoker.handleParameters(Invoker.java:1383)
	at org.testng.internal.Invoker.createParameters(Invoker.java:1075)
	at org.testng.internal.Invoker.invokeTestMethods(Invoker.java:1180)
	at org.testng.internal.TestMethodWorker.invokeTestMethods(TestMethodWorker.java:127)
	at org.testng.internal.TestMethodWorker.run(TestMethodWorker.java:111)
	at org.testng.TestRunner.privateRun(TestRunner.java:767)
	at org.testng.TestRunner.run(TestRunner.java:617)
	at org.testng.SuiteRunner.runTest(SuiteRunner.java:334)
	at org.testng.SuiteRunner.runSequentially(SuiteRunner.java:329)
	at org.testng.SuiteRunner.privateRun(SuiteRunner.java:291)
	at org.testng.SuiteRunner.run(SuiteRunner.java:240)
	at org.testng.SuiteRunnerWorker.runSuite(SuiteRunnerWorker.java:52)
	at org.testng.SuiteRunnerWorker.run(SuiteRunnerWorker.java:86)
	at org.testng.TestNG.runSuitesSequentially(TestNG.java:1224)
	at org.testng.TestNG.runSuitesLocally(TestNG.java:1149)
	at org.testng.TestNG.run(TestNG.java:1057)
	at org.testng.remote.RemoteTestNG.run(RemoteTestNG.java:111)
	at org.testng.remote.RemoteTestNG.initAndRun(RemoteTestNG.java:204)
	at org.testng.remote.RemoteTestNG.main(RemoteTestNG.java:175)
</div></td></tr></table><p class="totop"><a href="#summary">back to summary</a></p><h3 id="m12">test.LoginTest#xTest</h3><table class="result"><tr><th>Messages</th></tr><tr><td><div class="messages">------------------------------------------------------------------------&lt;br&gt;<br/>=====================  Test case: &apos;test.LoginTest&apos; =====================&lt;br&gt;<br/>------------------------------------------------------------------------&lt;br&gt;<br/>--------==[ Preconditions ]==--------&lt;br&gt;<br/>--------==[ Step 1 ]==--------&lt;br&gt;<br/>--------==[ Step 2 ]==--------&lt;br&gt;<br/>Form &apos;Main form&apos; appears in 13887msec&lt;br&gt;<br/>Button &apos;enter button&apos; :: Clicking&lt;br&gt;<br/>Text Field &apos;user name&apos; :: Typing &apos;null&apos;&lt;br&gt;<br/>Text Field &apos;password&apos; :: Typing &apos;null&apos;&lt;br&gt;<br/>&lt;div class=&quot;skipped&quot;&gt;&lt;/div&gt;&lt;br&gt;<br/>&lt;div class=&quot;failedConfig&quot;&gt;&gt;&gt;&gt;&gt;&gt;&gt;&gt;&gt; TEST FAILED &lt;&lt;&lt;&lt;&lt;&lt;&lt;&lt;&lt;/div&gt;&lt;br&gt;<br/>&lt;div class=&quot;skipped&quot;&gt;&lt;/div&gt;&lt;br&gt;</div></td></tr><tr><th>Exception</th></tr><tr><td><div class="stacktrace">java.lang.NullPointerException
	at webdriver.elements.BaseElement.waitForIsElementPresent(BaseElement.java:181)
	at webdriver.elements.BaseElement.click(BaseElement.java:236)
	at test.forms.MainPageForm.Login(MainPageForm.java:60)
	at test.LoginTest.runTest(LoginTest.java:15)
	at webdriver.BaseTest.xTest(BaseTest.java:39)
	at sun.reflect.NativeMethodAccessorImpl.invoke0(Native Method)
	at sun.reflect.NativeMethodAccessorImpl.invoke(Unknown Source)
	at sun.reflect.DelegatingMethodAccessorImpl.invoke(Unknown Source)
	at java.lang.reflect.Method.invoke(Unknown Source)
	at org.testng.internal.MethodInvocationHelper.invokeMethod(MethodInvocationHelper.java:84)
	at org.testng.internal.Invoker.invokeMethod(Invoker.java:714)
	at org.testng.internal.Invoker.invokeTestMethod(Invoker.java:901)
	at org.testng.internal.Invoker.invokeTestMethods(Invoker.java:1231)
	at org.testng.internal.TestMethodWorker.invokeTestMethods(TestMethodWorker.java:127)
	at org.testng.internal.TestMethodWorker.run(TestMethodWorker.java:111)
	at org.testng.TestRunner.privateRun(TestRunner.java:767)
	at org.testng.TestRunner.run(TestRunner.java:617)
	at org.testng.SuiteRunner.runTest(SuiteRunner.java:334)
	at org.testng.SuiteRunner.runSequentially(SuiteRunner.java:329)
	at org.testng.SuiteRunner.privateRun(SuiteRunner.java:291)
	at org.testng.SuiteRunner.run(SuiteRunner.java:240)
	at org.testng.SuiteRunnerWorker.runSuite(SuiteRunnerWorker.java:52)
	at org.testng.SuiteRunnerWorker.run(SuiteRunnerWorker.java:86)
	at org.testng.TestNG.runSuitesSequentially(TestNG.java:1224)
	at org.testng.TestNG.runSuitesLocally(TestNG.java:1149)
	at org.testng.TestNG.run(TestNG.java:1057)
	at org.testng.remote.RemoteTestNG.run(RemoteTestNG.java:111)
	at org.testng.remote.RemoteTestNG.initAndRun(RemoteTestNG.java:204)
	at org.testng.remote.RemoteTestNG.main(RemoteTestNG.java:175)
</div></td></tr></table><p class="totop"><a href="#summary">back to summary</a></p><h3 id="m13">test.MusicFindGroupTest#readParams</h3><table class="result"><tr><th>Exception</th></tr><tr><td><div class="stacktrace">org.testng.TestNGException: 
Parameter &apos;username&apos; is required by @Test on method readParams but has not been marked @Optional or defined
in C:\Users\lENOVO\AppData\Local\Temp\testng-eclipse-111153164\testng-customsuite.xml
	at org.testng.internal.Parameters.createParameters(Parameters.java:155)
	at org.testng.internal.Parameters.createParameters(Parameters.java:358)
	at org.testng.internal.Parameters.handleParameters(Parameters.java:450)
	at org.testng.internal.Invoker.handleParameters(Invoker.java:1383)
	at org.testng.internal.Invoker.createParameters(Invoker.java:1075)
	at org.testng.internal.Invoker.invokeTestMethods(Invoker.java:1180)
	at org.testng.internal.TestMethodWorker.invokeTestMethods(TestMethodWorker.java:127)
	at org.testng.internal.TestMethodWorker.run(TestMethodWorker.java:111)
	at org.testng.TestRunner.privateRun(TestRunner.java:767)
	at org.testng.TestRunner.run(TestRunner.java:617)
	at org.testng.SuiteRunner.runTest(SuiteRunner.java:334)
	at org.testng.SuiteRunner.runSequentially(SuiteRunner.java:329)
	at org.testng.SuiteRunner.privateRun(SuiteRunner.java:291)
	at org.testng.SuiteRunner.run(SuiteRunner.java:240)
	at org.testng.SuiteRunnerWorker.runSuite(SuiteRunnerWorker.java:52)
	at org.testng.SuiteRunnerWorker.run(SuiteRunnerWorker.java:86)
	at org.testng.TestNG.runSuitesSequentially(TestNG.java:1224)
	at org.testng.TestNG.runSuitesLocally(TestNG.java:1149)
	at org.testng.TestNG.run(TestNG.java:1057)
	at org.testng.remote.RemoteTestNG.run(RemoteTestNG.java:111)
	at org.testng.remote.RemoteTestNG.initAndRun(RemoteTestNG.java:204)
	at org.testng.remote.RemoteTestNG.main(RemoteTestNG.java:175)
</div></td></tr></table><p class="totop"><a href="#summary">back to summary</a></p><h3 id="m14">test.MusicFindGroupTest#xTest</h3><table class="result"><tr><th>Messages</th></tr><tr><td><div class="messages">---------------------------------------------------------------------------------&lt;br&gt;<br/>=====================  Test case: &apos;test.MusicFindGroupTest&apos; =====================&lt;br&gt;<br/>---------------------------------------------------------------------------------&lt;br&gt;<br/>--------==[ Preconditions ]==--------&lt;br&gt;<br/>--------==[ Step 1 ]==--------&lt;br&gt;<br/>--------==[ Step 2 ]==--------&lt;br&gt;<br/>Form &apos;Main form&apos; appears in 14616msec&lt;br&gt;<br/>Button &apos;muusic page link&apos; :: Clicking&lt;br&gt;<br/>--------==[ Step 3 ]==--------&lt;br&gt;<br/>Form &apos;Music form&apos; appears in 72msec&lt;br&gt;<br/>Page downloaded&lt;br&gt;<br/>--------==[ Step 4 ]==--------&lt;br&gt;<br/>Button &apos;Music search link&apos; :: Clicking&lt;br&gt;<br/>&lt;div class=&quot;skipped&quot;&gt;&lt;/div&gt;&lt;br&gt;<br/>&lt;div class=&quot;failedConfig&quot;&gt;&gt;&gt;&gt;&gt;&gt;&gt;&gt;&gt; TEST FAILED &lt;&lt;&lt;&lt;&lt;&lt;&lt;&lt;&lt;/div&gt;&lt;br&gt;<br/>&lt;div class=&quot;skipped&quot;&gt;&lt;/div&gt;&lt;br&gt;</div></td></tr><tr><th>Exception</th></tr><tr><td><div class="stacktrace">java.lang.NullPointerException
	at webdriver.elements.BaseElement.waitForIsElementPresent(BaseElement.java:181)
	at webdriver.elements.TextBox.type(TextBox.java:53)
	at test.forms.MusicForm.FindGroup(MusicForm.java:32)
	at test.MusicFindGroupTest.runTest(MusicFindGroupTest.java:20)
	at webdriver.BaseTest.xTest(BaseTest.java:39)
	at sun.reflect.NativeMethodAccessorImpl.invoke0(Native Method)
	at sun.reflect.NativeMethodAccessorImpl.invoke(Unknown Source)
	at sun.reflect.DelegatingMethodAccessorImpl.invoke(Unknown Source)
	at java.lang.reflect.Method.invoke(Unknown Source)
	at org.testng.internal.MethodInvocationHelper.invokeMethod(MethodInvocationHelper.java:84)
	at org.testng.internal.Invoker.invokeMethod(Invoker.java:714)
	at org.testng.internal.Invoker.invokeTestMethod(Invoker.java:901)
	at org.testng.internal.Invoker.invokeTestMethods(Invoker.java:1231)
	at org.testng.internal.TestMethodWorker.invokeTestMethods(TestMethodWorker.java:127)
	at org.testng.internal.TestMethodWorker.run(TestMethodWorker.java:111)
	at org.testng.TestRunner.privateRun(TestRunner.java:767)
	at org.testng.TestRunner.run(TestRunner.java:617)
	at org.testng.SuiteRunner.runTest(SuiteRunner.java:334)
	at org.testng.SuiteRunner.runSequentially(SuiteRunner.java:329)
	at org.testng.SuiteRunner.privateRun(SuiteRunner.java:291)
	at org.testng.SuiteRunner.run(SuiteRunner.java:240)
	at org.testng.SuiteRunnerWorker.runSuite(SuiteRunnerWorker.java:52)
	at org.testng.SuiteRunnerWorker.run(SuiteRunnerWorker.java:86)
	at org.testng.TestNG.runSuitesSequentially(TestNG.java:1224)
	at org.testng.TestNG.runSuitesLocally(TestNG.java:1149)
	at org.testng.TestNG.run(TestNG.java:1057)
	at org.testng.remote.RemoteTestNG.run(RemoteTestNG.java:111)
	at org.testng.remote.RemoteTestNG.initAndRun(RemoteTestNG.java:204)
	at org.testng.remote.RemoteTestNG.main(RemoteTestNG.java:175)
</div></td></tr></table><p class="totop"><a href="#summary">back to summary</a></p><h3 id="m15">test.WeatherChangeCityTest#readParams</h3><table class="result"><tr><th>Exception</th></tr><tr><td><div class="stacktrace">org.testng.TestNGException: 
Parameter &apos;username&apos; is required by @Test on method readParams but has not been marked @Optional or defined
in C:\Users\lENOVO\AppData\Local\Temp\testng-eclipse-111153164\testng-customsuite.xml
	at org.testng.internal.Parameters.createParameters(Parameters.java:155)
	at org.testng.internal.Parameters.createParameters(Parameters.java:358)
	at org.testng.internal.Parameters.handleParameters(Parameters.java:450)
	at org.testng.internal.Invoker.handleParameters(Invoker.java:1383)
	at org.testng.internal.Invoker.createParameters(Invoker.java:1075)
	at org.testng.internal.Invoker.invokeTestMethods(Invoker.java:1180)
	at org.testng.internal.TestMethodWorker.invokeTestMethods(TestMethodWorker.java:127)
	at org.testng.internal.TestMethodWorker.run(TestMethodWorker.java:111)
	at org.testng.TestRunner.privateRun(TestRunner.java:767)
	at org.testng.TestRunner.run(TestRunner.java:617)
	at org.testng.SuiteRunner.runTest(SuiteRunner.java:334)
	at org.testng.SuiteRunner.runSequentially(SuiteRunner.java:329)
	at org.testng.SuiteRunner.privateRun(SuiteRunner.java:291)
	at org.testng.SuiteRunner.run(SuiteRunner.java:240)
	at org.testng.SuiteRunnerWorker.runSuite(SuiteRunnerWorker.java:52)
	at org.testng.SuiteRunnerWorker.run(SuiteRunnerWorker.java:86)
	at org.testng.TestNG.runSuitesSequentially(TestNG.java:1224)
	at org.testng.TestNG.runSuitesLocally(TestNG.java:1149)
	at org.testng.TestNG.run(TestNG.java:1057)
	at org.testng.remote.RemoteTestNG.run(RemoteTestNG.java:111)
	at org.testng.remote.RemoteTestNG.initAndRun(RemoteTestNG.java:204)
	at org.testng.remote.RemoteTestNG.main(RemoteTestNG.java:175)
</div></td></tr></table><p class="totop"><a href="#summary">back to summary</a></p><h3 id="m16">test.AfishaFindEventTest#xTest</h3><table class="result"><tr><th>Messages</th></tr><tr><td><div class="messages">----------------------------------------------------------------------------------&lt;br&gt;<br/>=====================  Test case: &apos;test.AfishaFindEventTest&apos; =====================&lt;br&gt;<br/>----------------------------------------------------------------------------------&lt;br&gt;<br/>--------==[ Preconditions ]==--------&lt;br&gt;<br/>--------==[ Step 1 ]==--------&lt;br&gt;<br/>--------==[ Step 2 ]==--------&lt;br&gt;<br/>Form &apos;Main form&apos; appears in 13510msec&lt;br&gt;<br/>Button &apos;afisha link&apos; :: Clicking&lt;br&gt;<br/>--------==[ Step 3 ]==--------&lt;br&gt;<br/>Form &apos;Afisha form&apos; appears in 794msec&lt;br&gt;<br/>Afisha page is downloaded&lt;br&gt;<br/>--------==[ Step 4 ]==--------&lt;br&gt;<br/>Text Field &apos;search box afisha&apos; :: Typing &apos;Three days grace&apos;&lt;br&gt;<br/>Button &apos;afisha search button&apos; :: Clicking&lt;br&gt;<br/>Search success&lt;br&gt;<br/>&lt;br&gt;<br/>*********************************************************&lt;br&gt;<br/>***** Test case: &apos;test.AfishaFindEventTest&apos; Passed! *****&lt;br&gt;<br/>*********************************************************&lt;br&gt;<br/>&lt;br&gt;</div></td></tr></table><p class="totop"><a href="#summary">back to summary</a></p><h3 id="m17">test.JobFindAndSortTest#xTest</h3><table class="result"><tr><th>Messages</th></tr><tr><td><div class="messages">---------------------------------------------------------------------------------&lt;br&gt;<br/>=====================  Test case: &apos;test.JobFindAndSortTest&apos; =====================&lt;br&gt;<br/>---------------------------------------------------------------------------------&lt;br&gt;<br/>--------==[ Preconditions ]==--------&lt;br&gt;<br/>--------==[ Step 1 ]==--------&lt;br&gt;<br/>--------==[ Step 2 ]==--------&lt;br&gt;<br/>Form &apos;Main form&apos; appears in 17402msec&lt;br&gt;<br/>Button &apos;Go to jobs&apos; :: Clicking&lt;br&gt;<br/>--------==[ Step 3 ]==--------&lt;br&gt;<br/>Form &apos;Job form&apos; appears in 192msec&lt;br&gt;<br/>Jobs Page is downloaded&lt;br&gt;<br/>--------==[ Step 4 ]==--------&lt;br&gt;<br/>Text Field &apos;find job  text box&apos; :: Typing &apos;Junior developer&apos;&lt;br&gt;<br/>Button &apos;Programing check box&apos; :: Setting value &apos;true&apos;&lt;br&gt;<br/>Text Field &apos;salary text box&apos; :: Typing &apos;1000000&apos;&lt;br&gt;<br/>Button &apos;Find job button&apos; :: Clicking&lt;br&gt;<br/>Search success&lt;br&gt;<br/>&lt;br&gt;<br/>********************************************************&lt;br&gt;<br/>***** Test case: &apos;test.JobFindAndSortTest&apos; Passed! *****&lt;br&gt;<br/>********************************************************&lt;br&gt;<br/>&lt;br&gt;</div></td></tr></table><p class="totop"><a href="#summary">back to summary</a></p><h3 id="m18">test.LanguageChangeTest#xTest</h3><table class="result"><tr><th>Messages</th></tr><tr><td><div class="messages">---------------------------------------------------------------------------------&lt;br&gt;<br/>=====================  Test case: &apos;test.LanguageChangeTest&apos; =====================&lt;br&gt;<br/>---------------------------------------------------------------------------------&lt;br&gt;<br/>--------==[ Preconditions ]==--------&lt;br&gt;<br/>--------==[ Step 1 ]==--------&lt;br&gt;<br/>--------==[ Step 2 ]==--------&lt;br&gt;<br/>Form &apos;Main form&apos; appears in 14501msec&lt;br&gt;<br/>Button &apos;language link&apos; :: Clicking&lt;br&gt;<br/>Language is changed&lt;br&gt;<br/>--------==[ Step 3 ]==--------&lt;br&gt;<br/>Text Field &apos;search field&apos; :: Typing &apos;інфармацыйныя тэхналогіі&apos;&lt;br&gt;<br/>Button &apos;find button&apos; :: Clicking&lt;br&gt;<br/>Search success&lt;br&gt;<br/>&lt;br&gt;<br/>********************************************************&lt;br&gt;<br/>***** Test case: &apos;test.LanguageChangeTest&apos; Passed! *****&lt;br&gt;<br/>********************************************************&lt;br&gt;<br/>&lt;br&gt;</div></td></tr></table><p class="totop"><a href="#summary">back to summary</a></p><h3 id="m19">test.WeatherChangeCityTest#xTest</h3><table class="result"><tr><th>Messages</th></tr><tr><td><div class="messages">------------------------------------------------------------------------------------&lt;br&gt;<br/>=====================  Test case: &apos;test.WeatherChangeCityTest&apos; =====================&lt;br&gt;<br/>------------------------------------------------------------------------------------&lt;br&gt;<br/>--------==[ Preconditions ]==--------&lt;br&gt;<br/>--------==[ Step 1 ]==--------&lt;br&gt;<br/>--------==[ Step 2 ]==--------&lt;br&gt;<br/>Form &apos;Main form&apos; appears in 23821msec&lt;br&gt;<br/>Button &apos;Weather page link&apos; :: Clicking&lt;br&gt;<br/>--------==[ Step 3 ]==--------&lt;br&gt;<br/>Form &apos;Weather form&apos; appears in 80msec&lt;br&gt;<br/>Weather page is downloaded&lt;br&gt;<br/>--------==[ Step 4 ]==--------&lt;br&gt;<br/>Button &apos;click button to change&apos; :: Clicking&lt;br&gt;<br/>Button &apos;choose the city&apos; :: Clicking&lt;br&gt;<br/>City changed successfuly&lt;br&gt;<br/>&lt;br&gt;<br/>***********************************************************&lt;br&gt;<br/>***** Test case: &apos;test.WeatherChangeCityTest&apos; Passed! *****&lt;br&gt;<br/>***********************************************************&lt;br&gt;<br/>&lt;br&gt;</div></td></tr></table><p class="totop"><a href="#summary">back to summary</a></p></body></html>