<?xml version="1.0" encoding="UTF-8"?>
<testng-results skipped="0" failed="0" total="1" passed="1">
  <reporter-output>
    <line>
      <![CDATA[browser driver was constructed<br>]]>
    </line>
    <line>
      <![CDATA[Browser 'firefox' ready...<br>]]>
    </line>
    <line>
      <![CDATA[----------------------------------------------------------------------------<br>]]>
    </line>
    <line>
      <![CDATA[=====================  Test case: 'demo.test.DemoTest' =====================<br>]]>
    </line>
    <line>
      <![CDATA[----------------------------------------------------------------------------<br>]]>
    </line>
    <line>
      <![CDATA[--------==[ Preconditions ]==--------<br>]]>
    </line>
    <line>
      <![CDATA[Form 'Loginform' appears in 1339msec<br>]]>
    </line>
    <line>
      <![CDATA[--------==[ Step 1 ]==--------<br>]]>
    </line>
    <line>
      <![CDATA[Form 'Loginform' appears in 87msec<br>]]>
    </line>
    <line>
      <![CDATA[Button 'enter button' :: Clicking<br>]]>
    </line>
    <line>
      <![CDATA[Text Field 'user name' :: Typing 'courseProject'<br>]]>
    </line>
    <line>
      <![CDATA[Text Field 'password' :: Typing 'q1w2e3r4t5y6'<br>]]>
    </line>
    <line>
      <![CDATA[Button 'enter button 2' :: Clicking<br>]]>
    </line>
    <line>
      <![CDATA[Button 'close button' :: Clicking<br>]]>
    </line>
    <line>
      <![CDATA[Login success<br>]]>
    </line>
    <line>
      <![CDATA[--------==[ Step 2 ]==--------<br>]]>
    </line>
    <line>
      <![CDATA[Button 'Quit button' :: Clicking<br>]]>
    </line>
    <line>
      <![CDATA[Form 'My form' appears in 1322msec<br>]]>
    </line>
    <line>
      <![CDATA[--------==[ Step 1 ]==--------<br>]]>
    </line>
    <line>
      <![CDATA[Form 'My form' appears in 81msec<br>]]>
    </line>
    <line>
      <![CDATA[Button 'afisha link' :: Clicking<br>]]>
    </line>
    <line>
      <![CDATA[Afisha page is downloaded<br>]]>
    </line>
    <line>
      <![CDATA[--------==[ Step 2 ]==--------<br>]]>
    </line>
    <line>
      <![CDATA[Text Field 'search box afisha' :: Typing 'Three days grace'<br>]]>
    </line>
    <line>
      <![CDATA[Button 'afisha search button' :: Clicking<br>]]>
    </line>
    <line>
      <![CDATA[Search success<br>]]>
    </line>
    <line>
      <![CDATA[Form 'My form' appears in 69msec<br>]]>
    </line>
    <line>
      <![CDATA[--------==[ Step 1 ]==--------<br>]]>
    </line>
    <line>
      <![CDATA[Form 'My form' appears in 69msec<br>]]>
    </line>
    <line>
      <![CDATA[Button 'eather page link' :: Clicking<br>]]>
    </line>
    <line>
      <![CDATA[--------==[ Step 2 ]==--------<br>]]>
    </line>
    <line>
      <![CDATA[Button 'click button to change' :: Clicking<br>]]>
    </line>
    <line>
      <![CDATA[Button 'choose the city' :: Clicking<br>]]>
    </line>
    <line>
      <![CDATA[Form 'My form' appears in 96msec<br>]]>
    </line>
    <line>
      <![CDATA[--------==[ Step 1 ]==--------<br>]]>
    </line>
    <line>
      <![CDATA[Form 'My form' appears in 78msec<br>]]>
    </line>
    <line>
      <![CDATA[Button 'muusic page link' :: Clicking<br>]]>
    </line>
    <line>
      <![CDATA[Page downloaded<br>]]>
    </line>
    <line>
      <![CDATA[--------==[ Step 2 ]==--------<br>]]>
    </line>
    <line>
      <![CDATA[Button 'Music search link' :: Clicking<br>]]>
    </line>
    <line>
      <![CDATA[Text Field 'find group text box' :: Typing 'ДДТ'<br>]]>
    </line>
    <line>
      <![CDATA[Button 'find button' :: Clicking<br>]]>
    </line>
    <line>
      <![CDATA[Button 'click group link' :: Clicking<br>]]>
    </line>
    <line>
      <![CDATA[Group page is downloaded<br>]]>
    </line>
    <line>
      <![CDATA[Form 'My form' appears in 89msec<br>]]>
    </line>
    <line>
      <![CDATA[--------==[ Step 1 ]==--------<br>]]>
    </line>
    <line>
      <![CDATA[Form 'My form' appears in 64msec<br>]]>
    </line>
    <line>
      <![CDATA[Button 'Go to jobs' :: Clicking<br>]]>
    </line>
    <line>
      <![CDATA[Jobs Page is downloaded<br>]]>
    </line>
    <line>
      <![CDATA[--------==[ Step 2 ]==--------<br>]]>
    </line>
    <line>
      <![CDATA[Text Field 'find job  text box' :: Typing 'Junior developer'<br>]]>
    </line>
    <line>
      <![CDATA[Button 'Programing check box' :: Clicking<br>]]>
    </line>
    <line>
      <![CDATA[Text Field 'salary text box' :: Typing '1000000'<br>]]>
    </line>
    <line>
      <![CDATA[Button 'Find job button' :: Clicking<br>]]>
    </line>
    <line>
      <![CDATA[search success<br>]]>
    </line>
    <line>
      <![CDATA[Form 'My form' appears in 109msec<br>]]>
    </line>
    <line>
      <![CDATA[--------==[ Step 1 ]==--------<br>]]>
    </line>
    <line>
      <![CDATA[Form 'My form' appears in 75msec<br>]]>
    </line>
    <line>
      <![CDATA[Button 'jobs link' :: Clicking<br>]]>
    </line>
    <line>
      <![CDATA[jobs page is present]<br>]]>
    </line>
    <line>
      <![CDATA[--------==[ Step 2 ]==--------<br>]]>
    </line>
    <line>
      <![CDATA[Button 'advanced search link' :: Clicking<br>]]>
    </line>
    <line>
      <![CDATA[advanced search page is present<br>]]>
    </line>
    <line>
      <![CDATA[--------==[ Step 3 ]==--------<br>]]>
    </line>
    <line>
      <![CDATA[Text Field 'search field' :: Typing 'Junior developer'<br>]]>
    </line>
    <line>
      <![CDATA[Button 'specialization libk' :: Clicking<br>]]>
    </line>
    <line>
      <![CDATA[Button 'specialization checkbox' :: Clicking<br>]]>
    </line>
    <line>
      <![CDATA[Button 'enter button' :: Clicking<br>]]>
    </line>
    <line>
      <![CDATA[Button 'experience radio button' :: Clicking<br>]]>
    </line>
    <line>
      <![CDATA[Button 'employment checkbox' :: Clicking<br>]]>
    </line>
    <line>
      <![CDATA[Button 'schedule checkbox' :: Clicking<br>]]>
    </line>
    <line>
      <![CDATA[Button 'find button' :: Clicking<br>]]>
    </line>
    <line>
      <![CDATA[Search success<br>]]>
    </line>
    <line>
      <![CDATA[Form 'My form' appears in 75msec<br>]]>
    </line>
    <line>
      <![CDATA[--------==[ Step 1 ]==--------<br>]]>
    </line>
    <line>
      <![CDATA[Form 'My form' appears in 74msec<br>]]>
    </line>
    <line>
      <![CDATA[Button 'all resources link' :: Clicking<br>]]>
    </line>
    <line>
      <![CDATA[Field 'All Resources' appeared<br>]]>
    </line>
    <line>
      <![CDATA[--------==[ Step 2 ]==--------<br>]]>
    </line>
    <line>
      <![CDATA[Button 'blog link' :: Clicking<br>]]>
    </line>
    <line>
      <![CDATA[Button 'catalog of blogs link' :: Clicking<br>]]>
    </line>
    <line>
      <![CDATA[Label 'select blog label' :: Clicking<br>]]>
    </line>
    <line>
      <![CDATA[Blog is downloaded<br>]]>
    </line>
    <line>
      <![CDATA[--------==[ Step 3 ]==--------<br>]]>
    </line>
    <line>
      <![CDATA[Text Field 'search field' :: Typing 'Творчество'<br>]]>
    </line>
    <line>
      <![CDATA[Button 'find button' :: Clicking<br>]]>
    </line>
    <line>
      <![CDATA[Search success<br>]]>
    </line>
    <line>
      <![CDATA[Form 'My form' appears in 93msec<br>]]>
    </line>
    <line>
      <![CDATA[--------==[ Step 1 ]==--------<br>]]>
    </line>
    <line>
      <![CDATA[Form 'My form' appears in 66msec<br>]]>
    </line>
    <line>
      <![CDATA[Button 'all resources link' :: Clicking<br>]]>
    </line>
    <line>
      <![CDATA[Field 'All Resources' appeared<br>]]>
    </line>
    <line>
      <![CDATA[--------==[ Step 2 ]==--------<br>]]>
    </line>
    <line>
      <![CDATA[Form 'My form' appears in 76msec<br>]]>
    </line>
    <line>
      <![CDATA[Button 'blog link' :: Clicking<br>]]>
    </line>
    <line>
      <![CDATA[Button 'road rules' :: Clicking<br>]]>
    </line>
    <line>
      <![CDATA[Button 'chapter button' :: Clicking<br>]]>
    </line>
    <line>
      <![CDATA[Chapter found<br>]]>
    </line>
    <line>
      <![CDATA[Form 'My form' appears in 147msec<br>]]>
    </line>
    <line>
      <![CDATA[--------==[ Step 1 ]==--------<br>]]>
    </line>
    <line>
      <![CDATA[Form 'My form' appears in 102msec<br>]]>
    </line>
    <line>
      <![CDATA[Button 'language link' :: Clicking<br>]]>
    </line>
    <line>
      <![CDATA[--------==[ Step 2 ]==--------<br>]]>
    </line>
    <line>
      <![CDATA[Text Field 'search field' :: Typing 'інфармацыйныя тэхналогіі'<br>]]>
    </line>
    <line>
      <![CDATA[Button 'find button' :: Clicking<br>]]>
    </line>
    <line>
      <![CDATA[<br>]]>
    </line>
    <line>
      <![CDATA[***************************************************<br>]]>
    </line>
    <line>
      <![CDATA[***** Test case: 'demo.test.DemoTest' Passed! *****<br>]]>
    </line>
    <line>
      <![CDATA[***************************************************<br>]]>
    </line>
    <line>
      <![CDATA[<br>]]>
    </line>
    <line>
      <![CDATA[driver.quit...<br>]]>
    </line>
    <line>
      <![CDATA[killing processes<br>]]>
    </line>
  </reporter-output>
  <suite name="Default suite" duration-ms="86633" started-at="2014-08-06T18:47:52Z" finished-at="2014-08-06T18:49:19Z">
    <groups>
    </groups>
    <test name="Default test" duration-ms="86633" started-at="2014-08-06T18:47:52Z" finished-at="2014-08-06T18:49:19Z">
      <class name="demo.test.DemoTest">
        <test-method status="PASS" signature="before(org.testng.ITestContext)[pri:0, instance:demo.test.DemoTest@48f278eb]" name="before" is-config="true" duration-ms="49" started-at="2014-08-06T21:47:52Z" finished-at="2014-08-06T21:47:53Z">
          <params>
            <param index="0">
              <value>
                <![CDATA[org.testng.TestRunner@6c0d7c83]]>
              </value>
            </param>
          </params>
          <reporter-output>
          </reporter-output>
        </test-method> <!-- before -->
        <test-method status="PASS" signature="xTest()[pri:0, instance:demo.test.DemoTest@48f278eb]" name="xTest" duration-ms="82975" started-at="2014-08-06T21:47:53Z" finished-at="2014-08-06T21:49:15Z">
          <reporter-output>
            <line>
              <![CDATA[----------------------------------------------------------------------------<br>]]>
            </line>
            <line>
              <![CDATA[=====================  Test case: 'demo.test.DemoTest' =====================<br>]]>
            </line>
            <line>
              <![CDATA[----------------------------------------------------------------------------<br>]]>
            </line>
            <line>
              <![CDATA[--------==[ Preconditions ]==--------<br>]]>
            </line>
            <line>
              <![CDATA[Form 'Loginform' appears in 1339msec<br>]]>
            </line>
            <line>
              <![CDATA[--------==[ Step 1 ]==--------<br>]]>
            </line>
            <line>
              <![CDATA[Form 'Loginform' appears in 87msec<br>]]>
            </line>
            <line>
              <![CDATA[Button 'enter button' :: Clicking<br>]]>
            </line>
            <line>
              <![CDATA[Text Field 'user name' :: Typing 'courseProject'<br>]]>
            </line>
            <line>
              <![CDATA[Text Field 'password' :: Typing 'q1w2e3r4t5y6'<br>]]>
            </line>
            <line>
              <![CDATA[Button 'enter button 2' :: Clicking<br>]]>
            </line>
            <line>
              <![CDATA[Button 'close button' :: Clicking<br>]]>
            </line>
            <line>
              <![CDATA[Login success<br>]]>
            </line>
            <line>
              <![CDATA[--------==[ Step 2 ]==--------<br>]]>
            </line>
            <line>
              <![CDATA[Button 'Quit button' :: Clicking<br>]]>
            </line>
            <line>
              <![CDATA[Form 'My form' appears in 1322msec<br>]]>
            </line>
            <line>
              <![CDATA[--------==[ Step 1 ]==--------<br>]]>
            </line>
            <line>
              <![CDATA[Form 'My form' appears in 81msec<br>]]>
            </line>
            <line>
              <![CDATA[Button 'afisha link' :: Clicking<br>]]>
            </line>
            <line>
              <![CDATA[Afisha page is downloaded<br>]]>
            </line>
            <line>
              <![CDATA[--------==[ Step 2 ]==--------<br>]]>
            </line>
            <line>
              <![CDATA[Text Field 'search box afisha' :: Typing 'Three days grace'<br>]]>
            </line>
            <line>
              <![CDATA[Button 'afisha search button' :: Clicking<br>]]>
            </line>
            <line>
              <![CDATA[Search success<br>]]>
            </line>
            <line>
              <![CDATA[Form 'My form' appears in 69msec<br>]]>
            </line>
            <line>
              <![CDATA[--------==[ Step 1 ]==--------<br>]]>
            </line>
            <line>
              <![CDATA[Form 'My form' appears in 69msec<br>]]>
            </line>
            <line>
              <![CDATA[Button 'eather page link' :: Clicking<br>]]>
            </line>
            <line>
              <![CDATA[--------==[ Step 2 ]==--------<br>]]>
            </line>
            <line>
              <![CDATA[Button 'click button to change' :: Clicking<br>]]>
            </line>
            <line>
              <![CDATA[Button 'choose the city' :: Clicking<br>]]>
            </line>
            <line>
              <![CDATA[Form 'My form' appears in 96msec<br>]]>
            </line>
            <line>
              <![CDATA[--------==[ Step 1 ]==--------<br>]]>
            </line>
            <line>
              <![CDATA[Form 'My form' appears in 78msec<br>]]>
            </line>
            <line>
              <![CDATA[Button 'muusic page link' :: Clicking<br>]]>
            </line>
            <line>
              <![CDATA[Page downloaded<br>]]>
            </line>
            <line>
              <![CDATA[--------==[ Step 2 ]==--------<br>]]>
            </line>
            <line>
              <![CDATA[Button 'Music search link' :: Clicking<br>]]>
            </line>
            <line>
              <![CDATA[Text Field 'find group text box' :: Typing 'ДДТ'<br>]]>
            </line>
            <line>
              <![CDATA[Button 'find button' :: Clicking<br>]]>
            </line>
            <line>
              <![CDATA[Button 'click group link' :: Clicking<br>]]>
            </line>
            <line>
              <![CDATA[Group page is downloaded<br>]]>
            </line>
            <line>
              <![CDATA[Form 'My form' appears in 89msec<br>]]>
            </line>
            <line>
              <![CDATA[--------==[ Step 1 ]==--------<br>]]>
            </line>
            <line>
              <![CDATA[Form 'My form' appears in 64msec<br>]]>
            </line>
            <line>
              <![CDATA[Button 'Go to jobs' :: Clicking<br>]]>
            </line>
            <line>
              <![CDATA[Jobs Page is downloaded<br>]]>
            </line>
            <line>
              <![CDATA[--------==[ Step 2 ]==--------<br>]]>
            </line>
            <line>
              <![CDATA[Text Field 'find job  text box' :: Typing 'Junior developer'<br>]]>
            </line>
            <line>
              <![CDATA[Button 'Programing check box' :: Clicking<br>]]>
            </line>
            <line>
              <![CDATA[Text Field 'salary text box' :: Typing '1000000'<br>]]>
            </line>
            <line>
              <![CDATA[Button 'Find job button' :: Clicking<br>]]>
            </line>
            <line>
              <![CDATA[search success<br>]]>
            </line>
            <line>
              <![CDATA[Form 'My form' appears in 109msec<br>]]>
            </line>
            <line>
              <![CDATA[--------==[ Step 1 ]==--------<br>]]>
            </line>
            <line>
              <![CDATA[Form 'My form' appears in 75msec<br>]]>
            </line>
            <line>
              <![CDATA[Button 'jobs link' :: Clicking<br>]]>
            </line>
            <line>
              <![CDATA[jobs page is present]<br>]]>
            </line>
            <line>
              <![CDATA[--------==[ Step 2 ]==--------<br>]]>
            </line>
            <line>
              <![CDATA[Button 'advanced search link' :: Clicking<br>]]>
            </line>
            <line>
              <![CDATA[advanced search page is present<br>]]>
            </line>
            <line>
              <![CDATA[--------==[ Step 3 ]==--------<br>]]>
            </line>
            <line>
              <![CDATA[Text Field 'search field' :: Typing 'Junior developer'<br>]]>
            </line>
            <line>
              <![CDATA[Button 'specialization libk' :: Clicking<br>]]>
            </line>
            <line>
              <![CDATA[Button 'specialization checkbox' :: Clicking<br>]]>
            </line>
            <line>
              <![CDATA[Button 'enter button' :: Clicking<br>]]>
            </line>
            <line>
              <![CDATA[Button 'experience radio button' :: Clicking<br>]]>
            </line>
            <line>
              <![CDATA[Button 'employment checkbox' :: Clicking<br>]]>
            </line>
            <line>
              <![CDATA[Button 'schedule checkbox' :: Clicking<br>]]>
            </line>
            <line>
              <![CDATA[Button 'find button' :: Clicking<br>]]>
            </line>
            <line>
              <![CDATA[Search success<br>]]>
            </line>
            <line>
              <![CDATA[Form 'My form' appears in 75msec<br>]]>
            </line>
            <line>
              <![CDATA[--------==[ Step 1 ]==--------<br>]]>
            </line>
            <line>
              <![CDATA[Form 'My form' appears in 74msec<br>]]>
            </line>
            <line>
              <![CDATA[Button 'all resources link' :: Clicking<br>]]>
            </line>
            <line>
              <![CDATA[Field 'All Resources' appeared<br>]]>
            </line>
            <line>
              <![CDATA[--------==[ Step 2 ]==--------<br>]]>
            </line>
            <line>
              <![CDATA[Button 'blog link' :: Clicking<br>]]>
            </line>
            <line>
              <![CDATA[Button 'catalog of blogs link' :: Clicking<br>]]>
            </line>
            <line>
              <![CDATA[Label 'select blog label' :: Clicking<br>]]>
            </line>
            <line>
              <![CDATA[Blog is downloaded<br>]]>
            </line>
            <line>
              <![CDATA[--------==[ Step 3 ]==--------<br>]]>
            </line>
            <line>
              <![CDATA[Text Field 'search field' :: Typing 'Творчество'<br>]]>
            </line>
            <line>
              <![CDATA[Button 'find button' :: Clicking<br>]]>
            </line>
            <line>
              <![CDATA[Search success<br>]]>
            </line>
            <line>
              <![CDATA[Form 'My form' appears in 93msec<br>]]>
            </line>
            <line>
              <![CDATA[--------==[ Step 1 ]==--------<br>]]>
            </line>
            <line>
              <![CDATA[Form 'My form' appears in 66msec<br>]]>
            </line>
            <line>
              <![CDATA[Button 'all resources link' :: Clicking<br>]]>
            </line>
            <line>
              <![CDATA[Field 'All Resources' appeared<br>]]>
            </line>
            <line>
              <![CDATA[--------==[ Step 2 ]==--------<br>]]>
            </line>
            <line>
              <![CDATA[Form 'My form' appears in 76msec<br>]]>
            </line>
            <line>
              <![CDATA[Button 'blog link' :: Clicking<br>]]>
            </line>
            <line>
              <![CDATA[Button 'road rules' :: Clicking<br>]]>
            </line>
            <line>
              <![CDATA[Button 'chapter button' :: Clicking<br>]]>
            </line>
            <line>
              <![CDATA[Chapter found<br>]]>
            </line>
            <line>
              <![CDATA[Form 'My form' appears in 147msec<br>]]>
            </line>
            <line>
              <![CDATA[--------==[ Step 1 ]==--------<br>]]>
            </line>
            <line>
              <![CDATA[Form 'My form' appears in 102msec<br>]]>
            </line>
            <line>
              <![CDATA[Button 'language link' :: Clicking<br>]]>
            </line>
            <line>
              <![CDATA[--------==[ Step 2 ]==--------<br>]]>
            </line>
            <line>
              <![CDATA[Text Field 'search field' :: Typing 'інфармацыйныя тэхналогіі'<br>]]>
            </line>
            <line>
              <![CDATA[Button 'find button' :: Clicking<br>]]>
            </line>
            <line>
              <![CDATA[<br>]]>
            </line>
            <line>
              <![CDATA[***************************************************<br>]]>
            </line>
            <line>
              <![CDATA[***** Test case: 'demo.test.DemoTest' Passed! *****<br>]]>
            </line>
            <line>
              <![CDATA[***************************************************<br>]]>
            </line>
            <line>
              <![CDATA[<br>]]>
            </line>
          </reporter-output>
        </test-method> <!-- xTest -->
        <test-method status="PASS" signature="after()[pri:0, instance:demo.test.DemoTest@48f278eb]" name="after" is-config="true" duration-ms="3597" started-at="2014-08-06T21:49:15Z" finished-at="2014-08-06T21:49:19Z">
          <reporter-output>
            <line>
              <![CDATA[driver.quit...<br>]]>
            </line>
            <line>
              <![CDATA[killing processes<br>]]>
            </line>
          </reporter-output>
        </test-method> <!-- after -->
      </class> <!-- demo.test.DemoTest -->
    </test> <!-- Default test -->
  </suite> <!-- Default suite -->
</testng-results>
