<?xml version="1.0" encoding="UTF-8"?>
<testng-results skipped="0" failed="1" total="1" passed="0">
  <reporter-output>
    <line>
      <![CDATA[browser driver was constructed<br>]]>
    </line>
    <line>
      <![CDATA[Browser 'firefox' ready...<br>]]>
    </line>
    <line>
      <![CDATA[----------------------------------------------------------------------------<br>]]>
    </line>
    <line>
      <![CDATA[=====================  Test case: 'demo.test.DemoTest' =====================<br>]]>
    </line>
    <line>
      <![CDATA[----------------------------------------------------------------------------<br>]]>
    </line>
    <line>
      <![CDATA[--------==[ Preconditions ]==--------<br>]]>
    </line>
    <line>
      <![CDATA[--------==[ Step 1 ]==--------<br>]]>
    </line>
    <line>
      <![CDATA[--------==[ Step 2 ]==--------<br>]]>
    </line>
    <line>
      <![CDATA[Form 'My google form' appears in 1939msec<br>]]>
    </line>
    <line>
      <![CDATA[--------==[ Step 3 ]==--------<br>]]>
    </line>
    <line>
      <![CDATA[Text Field 'search bar' :: Typing 'A1QA'<br>]]>
    </line>
    <line>
      <![CDATA[Button 'search button' :: Clicking<br>]]>
    </line>
    <line>
      <![CDATA[--------==[ Step 4 ]==--------<br>]]>
    </line>
    <line>
      <![CDATA[--------==[ Step 5 ]==--------<br>]]>
    </line>
    <line>
      <![CDATA[<div class="skipped"></div><br>]]>
    </line>
    <line>
      <![CDATA[<div class="failedConfig">>>>>>>>> TEST FAILED <<<<<<<<</div><br>]]>
    </line>
    <line>
      <![CDATA[<div class="skipped"></div><br>]]>
    </line>
    <line>
      <![CDATA[driver.quit...<br>]]>
    </line>
    <line>
      <![CDATA[killing processes<br>]]>
    </line>
    <line>
      <![CDATA[Успешно: Процесс "firefox.exe", с идентификатором 4380, был завершен.<br>]]>
    </line>
  </reporter-output>
  <suite name="Demo Test Plan" duration-ms="16385" started-at="2014-07-31T10:29:19Z" finished-at="2014-07-31T10:29:35Z">
    <groups>
    </groups>
    <test name="Functional Tests" duration-ms="16385" started-at="2014-07-31T10:29:19Z" finished-at="2014-07-31T10:29:35Z">
      <class name="demo.test.DemoTest">
        <test-method status="PASS" signature="before(org.testng.ITestContext)[pri:0, instance:demo.test.DemoTest@3f6b0be5]" name="before" is-config="true" duration-ms="146" started-at="2014-07-31T13:29:19Z" finished-at="2014-07-31T13:29:19Z">
          <params>
            <param index="0">
              <value>
                <![CDATA[org.testng.TestRunner@7d900ecf]]>
              </value>
            </param>
          </params>
          <reporter-output>
          </reporter-output>
        </test-method> <!-- before -->
        <test-method status="FAIL" signature="xTest()[pri:0, instance:demo.test.DemoTest@3f6b0be5]" name="xTest" duration-ms="5476" started-at="2014-07-31T13:29:19Z" finished-at="2014-07-31T13:29:24Z">
          <exception class="java.lang.AssertionError">
            <full-stacktrace>
              <![CDATA[java.lang.AssertionError
	at demo.test.forms.TutSearchForm.searchAssert(TutSearchForm.java:33)
	at demo.test.DemoTest.runTest(DemoTest.java:21)
	at webdriver.BaseTest.xTest(BaseTest.java:26)
	at sun.reflect.NativeMethodAccessorImpl.invoke0(Native Method)
	at sun.reflect.NativeMethodAccessorImpl.invoke(Unknown Source)
	at sun.reflect.DelegatingMethodAccessorImpl.invoke(Unknown Source)
	at java.lang.reflect.Method.invoke(Unknown Source)
	at org.testng.internal.MethodInvocationHelper.invokeMethod(MethodInvocationHelper.java:84)
	at org.testng.internal.Invoker.invokeMethod(Invoker.java:714)
	at org.testng.internal.Invoker.invokeTestMethod(Invoker.java:901)
	at org.testng.internal.Invoker.invokeTestMethods(Invoker.java:1231)
	at org.testng.internal.TestMethodWorker.invokeTestMethods(TestMethodWorker.java:127)
	at org.testng.internal.TestMethodWorker.run(TestMethodWorker.java:111)
	at org.testng.TestRunner.privateRun(TestRunner.java:767)
	at org.testng.TestRunner.run(TestRunner.java:617)
	at org.testng.SuiteRunner.runTest(SuiteRunner.java:334)
	at org.testng.SuiteRunner.runSequentially(SuiteRunner.java:329)
	at org.testng.SuiteRunner.privateRun(SuiteRunner.java:291)
	at org.testng.SuiteRunner.run(SuiteRunner.java:240)
	at org.testng.SuiteRunnerWorker.runSuite(SuiteRunnerWorker.java:52)
	at org.testng.SuiteRunnerWorker.run(SuiteRunnerWorker.java:86)
	at org.testng.TestNG.runSuitesSequentially(TestNG.java:1224)
	at org.testng.TestNG.runSuitesLocally(TestNG.java:1149)
	at org.testng.TestNG.run(TestNG.java:1057)
	at org.testng.remote.RemoteTestNG.run(RemoteTestNG.java:111)
	at org.testng.remote.RemoteTestNG.initAndRun(RemoteTestNG.java:204)
	at org.testng.remote.RemoteTestNG.main(RemoteTestNG.java:175)
]]>
            </full-stacktrace>
          </exception> <!-- java.lang.AssertionError -->
          <reporter-output>
            <line>
              <![CDATA[----------------------------------------------------------------------------<br>]]>
            </line>
            <line>
              <![CDATA[=====================  Test case: 'demo.test.DemoTest' =====================<br>]]>
            </line>
            <line>
              <![CDATA[----------------------------------------------------------------------------<br>]]>
            </line>
            <line>
              <![CDATA[--------==[ Preconditions ]==--------<br>]]>
            </line>
            <line>
              <![CDATA[--------==[ Step 1 ]==--------<br>]]>
            </line>
            <line>
              <![CDATA[--------==[ Step 2 ]==--------<br>]]>
            </line>
            <line>
              <![CDATA[Form 'My google form' appears in 1939msec<br>]]>
            </line>
            <line>
              <![CDATA[--------==[ Step 3 ]==--------<br>]]>
            </line>
            <line>
              <![CDATA[Text Field 'search bar' :: Typing 'A1QA'<br>]]>
            </line>
            <line>
              <![CDATA[Button 'search button' :: Clicking<br>]]>
            </line>
            <line>
              <![CDATA[--------==[ Step 4 ]==--------<br>]]>
            </line>
            <line>
              <![CDATA[--------==[ Step 5 ]==--------<br>]]>
            </line>
            <line>
              <![CDATA[<div class="skipped"></div><br>]]>
            </line>
            <line>
              <![CDATA[<div class="failedConfig">>>>>>>>> TEST FAILED <<<<<<<<</div><br>]]>
            </line>
            <line>
              <![CDATA[<div class="skipped"></div><br>]]>
            </line>
          </reporter-output>
        </test-method> <!-- xTest -->
        <test-method status="PASS" signature="after()[pri:0, instance:demo.test.DemoTest@3f6b0be5]" name="after" is-config="true" duration-ms="10729" started-at="2014-07-31T13:29:24Z" finished-at="2014-07-31T13:29:35Z">
          <reporter-output>
            <line>
              <![CDATA[driver.quit...<br>]]>
            </line>
            <line>
              <![CDATA[killing processes<br>]]>
            </line>
            <line>
              <![CDATA[Успешно: Процесс "firefox.exe", с идентификатором 4380, был завершен.<br>]]>
            </line>
          </reporter-output>
        </test-method> <!-- after -->
      </class> <!-- demo.test.DemoTest -->
    </test> <!-- Functional Tests -->
  </suite> <!-- Demo Test Plan -->
</testng-results>
